<?xml version="1.0" encoding="UTF-8"?>
<!-- Generated by org.testng.reporters.JUnitReportReporter -->
<testsuite hostname="LAPTOP-RQ5ADVUS" failures="0" tests="1" name="newTestCaseAlmosaferWeb.myTestCases" time="35.760" errors="0" timestamp="2024-03-07T02:01:14 EET" skipped="0">
  <testcase classname="newTestCaseAlmosaferWeb.myTestCases" name="myTest" time="35.760"/>
  <system-out/>
</testsuite> <!-- newTestCaseAlmosaferWeb.myTestCases -->
