<?xml version="1.0" encoding="UTF-8"?>
<!-- Generated by org.testng.reporters.JUnitReportReporter -->
<testsuite hostname="LAPTOP-RQ5ADVUS" failures="0" tests="1" name="newTestCaseAlmosaferWeb.myTestCases" time="37.061" errors="0" timestamp="2024-03-07T01:53:56 EET" skipped="0">
  <testcase classname="newTestCaseAlmosaferWeb.myTestCases" name="myTest" time="37.061"/>
  <system-out/>
</testsuite> <!-- newTestCaseAlmosaferWeb.myTestCases -->
